<?xml version="1.0" encoding="UTF-8"?>
<testng-results skipped="0" failed="0" total="2" passed="2">
  <reporter-output>
    <line>
      <![CDATA[actualTitle is:Guru99 Bank Home Page]]>
    </line>
    <line>
      <![CDATA[Username is:mngr212053]]>
    </line>
    <line>
      <![CDATA[Password is:sYjYrYr]]>
    </line>
    <line>
      <![CDATA[Login Button Click]]>
    </line>
  </reporter-output>
  <suite name="Default suite" duration-ms="10468" started-at="2019-07-25T10:51:12Z" finished-at="2019-07-25T10:51:22Z">
    <groups>
    </groups>
    <test name="Default test" duration-ms="10468" started-at="2019-07-25T10:51:12Z" finished-at="2019-07-25T10:51:22Z">
      <class name="NewPackage.testLogin">
        <test-method status="PASS" signature="beforeClass()[pri:0, instance:NewPackage.testLogin@5e5792a0]" name="beforeClass" is-config="true" duration-ms="8680" started-at="2019-07-25T16:21:12Z" finished-at="2019-07-25T16:21:21Z">
          <reporter-output>
          </reporter-output>
        </test-method> <!-- beforeClass -->
        <test-method status="PASS" signature="beforeMethod()[pri:0, instance:NewPackage.testLogin@5e5792a0]" name="beforeMethod" is-config="true" duration-ms="56" started-at="2019-07-25T16:21:21Z" finished-at="2019-07-25T16:21:21Z">
          <reporter-output>
          </reporter-output>
        </test-method> <!-- beforeMethod -->
        <test-method status="PASS" signature="launchDriver()[pri:0, instance:NewPackage.testLogin@5e5792a0]" name="launchDriver" duration-ms="27" started-at="2019-07-25T16:21:21Z" finished-at="2019-07-25T16:21:21Z">
          <reporter-output>
            <line>
              <![CDATA[actualTitle is:Guru99 Bank Home Page]]>
            </line>
          </reporter-output>
        </test-method> <!-- launchDriver -->
        <test-method status="PASS" signature="beforeMethod()[pri:0, instance:NewPackage.testLogin@5e5792a0]" name="beforeMethod" is-config="true" duration-ms="8" started-at="2019-07-25T16:21:21Z" finished-at="2019-07-25T16:21:21Z">
          <reporter-output>
          </reporter-output>
        </test-method> <!-- beforeMethod -->
        <test-method status="PASS" signature="verifyLogin()[pri:0, instance:NewPackage.testLogin@5e5792a0]" name="verifyLogin" duration-ms="1675" started-at="2019-07-25T16:21:21Z" finished-at="2019-07-25T16:21:22Z">
          <reporter-output>
            <line>
              <![CDATA[Username is:mngr212053]]>
            </line>
            <line>
              <![CDATA[Password is:sYjYrYr]]>
            </line>
            <line>
              <![CDATA[Login Button Click]]>
            </line>
          </reporter-output>
        </test-method> <!-- verifyLogin -->
        <test-method status="PASS" signature="afterClass()[pri:0, instance:NewPackage.testLogin@5e5792a0]" name="afterClass" is-config="true" duration-ms="1" started-at="2019-07-25T16:21:22Z" finished-at="2019-07-25T16:21:22Z">
          <reporter-output>
          </reporter-output>
        </test-method> <!-- afterClass -->
      </class> <!-- NewPackage.testLogin -->
    </test> <!-- Default test -->
  </suite> <!-- Default suite -->
</testng-results>
